*** Using Compiler 'V5.06 update 6 (build 750)', folder: 'C:\Keil_v5\ARM\ARMCC\Bin'
Build target '23_NUEDC_school'
compiling main.c...
../Core/Src/main.c(99): warning:  #188-D: enumerated type mixed with another type
              HAL_GPIO_WritePin(ICG_GPIO_Port, ICG_Pin, 1);
../Core/Src/main.c(100): warning:  #188-D: enumerated type mixed with another type
              HAL_GPIO_WritePin(SH_GPIO_Port, SH_Pin, 0);
../Core/Src/main.c(102): warning:  #188-D: enumerated type mixed with another type
              HAL_GPIO_WritePin(SH_GPIO_Port, SH_Pin, 1);
../Core/Src/main.c(104): warning:  #188-D: enumerated type mixed with another type
              HAL_GPIO_WritePin(ICG_GPIO_Port, ICG_Pin, 0);
../Core/Src/main.c(110): warning:  #188-D: enumerated type mixed with another type
              HAL_GPIO_WritePin(SH_GPIO_Port, SH_Pin, 0);
../Core/Src/main.c(112): warning:  #188-D: enumerated type mixed with another type
              HAL_GPIO_WritePin(SH_GPIO_Port, SH_Pin, 1);
../Core/Src/main.c(132): warning:  #167-D: argument of type "char *" is incompatible with parameter of type "const uint8_t *"
          HAL_UART_Transmit(&huart1, t, strlen(t), 1000);
../Core/Src/main.c(135): warning:  #1035-D: single-precision operand implicitly converted to double-precision
              delta = 0.2 * pid_calc(&pid_pos, line, 64);
../Core/Src/main.c(267): warning:  #188-D: enumerated type mixed with another type
          HAL_GPIO_WritePin(BUZZ_GPIO_Port, BUZZ_Pin, r_w > 50);
../Core/Src/main.c: 9 warnings, 0 errors
linking...
Program Size: Code=16622 RO-data=8154 RW-data=56 ZI-data=7280  
FromELF: creating hex file...
"23_NUEDC_school\23_NUEDC_school.axf" - 0 Error(s), 9 Warning(s).
Build Time Elapsed:  00:00:04
