*** Using Compiler 'V6.22', folder: 'D:\keil\MDK\ARM\ARMCLANG\Bin'
Rebuild target 'origin'
assembling startup_stm32g473xx.s...
compiling fdcan.c...
compiling stm32g4xx_ll_adc.c...
compiling i2c.c...
compiling adc.c...
compiling tim.c...
compiling dma.c...
compiling gpio.c...
compiling stm32g4xx_it.c...
compiling spi.c...
compiling i2s.c...
compiling stm32g4xx_hal_msp.c...
compiling usart.c...
compiling main.c...
compiling stm32g4xx_hal_adc.c...
compiling stm32g4xx_hal_adc_ex.c...
compiling stm32g4xx_hal.c...
compiling stm32g4xx_hal_rcc.c...
compiling stm32g4xx_hal_gpio.c...
compiling stm32g4xx_hal_flash_ramfunc.c...
compiling stm32g4xx_hal_flash.c...
compiling stm32g4xx_hal_exti.c...
compiling stm32g4xx_hal_rcc_ex.c...
compiling stm32g4xx_hal_pwr.c...
compiling stm32g4xx_hal_flash_ex.c...
compiling stm32g4xx_hal_dma.c...
compiling stm32g4xx_hal_dma_ex.c...
compiling stm32g4xx_hal_cortex.c...
compiling stm32g4xx_hal_pwr_ex.c...
compiling stm32g4xx_hal_fdcan.c...
compiling stm32g4xx_hal_i2c_ex.c...
compiling stm32g4xx_hal_i2c.c...
compiling stm32g4xx_hal_spi_ex.c...
compiling system_stm32g4xx.c...
compiling stm32g4xx_hal_i2s.c...
compiling pid.c...
compiling bsp_IR_i2c.c...
compiling TSL1401.c...
compiling stm32g4xx_hal_uart_ex.c...
../Device/Src/motor.c(80): warning: relational comparison result unused [-Wunused-comparison]
   80 |     for(int i=0; i++; i<=drift)
      |                       ~^~~~~~~
1 warning generated.
compiling motor.c...
compiling tcs230.c...
compiling stm32g4xx_hal_spi.c...
compiling stm32g4xx_hal_tim_ex.c...
compiling stm32g4xx_hal_uart.c...
compiling stm32g4xx_hal_tim.c...
linking...
Program Size: Code=49960 RO-data=684 RW-data=16 ZI-data=6608  
FromELF: creating hex file...
"origin\origin.axf" - 0 Error(s), 1 Warning(s).
Build Time Elapsed:  00:00:03
